<?xml version="1.0" encoding="UTF-8"?>
<testsuite name="EMPTY_NAME" tests="1" skipped="0" failures="0" errors="0" timestamp="2022-08-05T16:51:07" hostname="SQAMED-SQA2040" time="47.691">
  <properties/>
  <testcase name="searching for articles" classname="EMPTY_NAME" time="47.691"/>
  <system-out><![CDATA[]]></system-out>
  <system-err><![CDATA[Starting ChromeDriver 103.0.5060.134 (8ec6fce403b3feb0869b0732eda8bd95011d333c-refs/branch-heads/5060@{#1262}) on port 18228
Only local connections are allowed.
Please see https://chromedriver.chromium.org/security-considerations for suggestions on keeping ChromeDriver safe.
ChromeDriver was started successfully.
[1659718274.936][WARNING]: This version of ChromeDriver has not been tested with Chrome version 104.
ago 05, 2022 11:51:15 AM org.openqa.selenium.remote.ProtocolHandshake createSession
INFORMACIÓN: Detected dialect: W3C
]]></system-err>
</testsuite>
